--------------------------------------------------------------------------------
Release 14.7 Trace  (nt64)
Copyright (c) 1995-2013 Xilinx, Inc.  All rights reserved.

C:\Xilinx\14.7\ISE_DS\ISE\bin\nt64\unwrapped\trce.exe -intstyle ise -v 3 -s 3
-n 3 -fastpaths -xml VGA_Oscillator.twx VGA_Oscillator.ncd -o
VGA_Oscillator.twr VGA_Oscillator.pcf -ucf Config.ucf

Design file:              VGA_Oscillator.ncd
Physical constraint file: VGA_Oscillator.pcf
Device,package,speed:     xc6slx16,csg324,C,-3 (PRODUCTION 1.23 2013-10-13)
Report level:             verbose report

Environment Variable      Effect 
--------------------      ------ 
NONE                      No environment variables were set
--------------------------------------------------------------------------------

INFO:Timing:2698 - No timing constraints found, doing default enumeration.
INFO:Timing:3412 - To improve timing, see the Timing Closure User Guide (UG612).
INFO:Timing:2752 - To get complete path coverage, use the unconstrained paths 
   option. All paths that are not constrained will be reported in the 
   unconstrained paths section(s) of the report.
INFO:Timing:3339 - The clock-to-out numbers in this timing report are based on 
   a 50 Ohm transmission line loading model.  For the details of this model, 
   and for more information on accounting for different loading conditions, 
   please see the device datasheet.



Data Sheet report:
-----------------
All values displayed in nanoseconds (ns)

Clock CLK_100MHz to Pad
------------+-----------------+------------+-----------------+------------+--------------------+--------+
            |Max (slowest) clk|  Process   |Min (fastest) clk|  Process   |                    | Clock  |
Destination |  (edge) to PAD  |   Corner   |  (edge) to PAD  |   Corner   |Internal Clock(s)   | Phase  |
------------+-----------------+------------+-----------------+------------+--------------------+--------+
CLK_LED     |         8.316(R)|      SLOW  |         4.458(R)|      FAST  |CLK_100MHz_IBUF_BUFG|   0.000|
------------+-----------------+------------+-----------------+------------+--------------------+--------+

Clock to Setup on destination clock CLK_100MHz
---------------+---------+---------+---------+---------+
               | Src:Rise| Src:Fall| Src:Rise| Src:Fall|
Source Clock   |Dest:Rise|Dest:Rise|Dest:Fall|Dest:Fall|
---------------+---------+---------+---------+---------+
CLK_100MHz     |    2.209|         |         |         |
---------------+---------+---------+---------+---------+

Pad to Pad
---------------+---------------+---------+
Source Pad     |Destination Pad|  Delay  |
---------------+---------------+---------+
CLK_100MHz     |O_LED          |    6.377|
---------------+---------------+---------+


Analysis completed Mon Jan 26 03:48:41 2026 
--------------------------------------------------------------------------------

Trace Settings:
-------------------------
Trace Settings 

Peak Memory Usage: 4553 MB



