Running: C:\Xilinx\14.7\ISE_DS\ISE\bin\nt64\unwrapped\fuse.exe -intstyle ise -incremental -lib unisims_ver -lib unimacro_ver -lib xilinxcorelib_ver -lib secureip -o D:/Study/PLIS/CommandCalculator/Project/VGA_Oscillator_VGA_Oscillator_sch_tb_isim_beh.exe -prj D:/Study/PLIS/CommandCalculator/Project/VGA_Oscillator_VGA_Oscillator_sch_tb_beh.prj work.VGA_Oscillator_VGA_Oscillator_sch_tb work.glbl 
ISim P.20131013 (signature 0x7708f090)
Number of CPUs detected in this system: 4
Turning on mult-threading, number of parallel sub-compilation jobs: 8 
Determining compilation order of HDL files
Analyzing Verilog file "D:/Study/PLIS/CommandCalculator/Project/VGA_Oscillator.vf" into library work
Analyzing Verilog file "C:/Xilinx/14.7/ISE_DS/ISE//verilog/src/glbl.v" into library work
Parsing VHDL file "D:/Study/PLIS/CommandCalculator/Project/H_Synch.vhd" into library work
Parsing VHDL file "D:/Study/PLIS/CommandCalculator/Project/Divider_25MHz.vhd" into library work
Parsing VHDL file "D:/Study/PLIS/CommandCalculator/Project/const_COLOR.vhd" into library work
Parsing VHDL file "D:/Study/PLIS/CommandCalculator/Project/T_VGA_Oscillator.vhd" into library work
Starting static elaboration
Completed static elaboration
Compiling module glbl
Compiling module VGA_Oscillator
Compiling package standard
Compiling package std_logic_1164
Compiling package numeric_std
Compiling package vcomponents
Compiling package vl_types
Compiling architecture behavioral of entity Divider_25MHz [divider_25mhz_default]
Compiling package std_logic_arith
Compiling package std_logic_unsigned
Compiling architecture behavioral of entity H_Synch [h_synch_default]
Compiling architecture behavioral of entity const_COLOR [const_color_default]
Compiling architecture behavioral of entity vga_oscillator_vga_oscillator_sc...
Time Resolution for simulation is 1ps.
Waiting for 5 sub-compilation(s) to finish...
Compiled 14 VHDL Units
Compiled 2 Verilog Units
Built simulation executable D:/Study/PLIS/CommandCalculator/Project/VGA_Oscillator_VGA_Oscillator_sch_tb_isim_beh.exe
Fuse Memory Usage: 50896 KB
Fuse CPU Usage: 750 ms
